d:\git\gpr5300\gpr5300\gpr5300_cpp\x64\debug\vc143.pdb
d:\git\gpr5300\gpr5300\gpr5300_cpp\x64\debug\vc143.idb
d:\git\gpr5300\gpr5300\gpr5300_cpp\x64\debug\gpr5300_cpp.obj
d:\git\gpr5300\gpr5300\gpr5300_cpp\x64\debug\board.obj
d:\git\gpr5300\gpr5300\x64\debug\gpr5300_cpp.exe
d:\git\gpr5300\gpr5300\gpr5300_cpp\x64\debug\gpr5300_cpp.ilk
d:\git\gpr5300\gpr5300\x64\debug\gpr5300_cpp.pdb
e:\git\gpr5300\gpr5300\gpr5300_cpp\x64\debug\board.obj
e:\git\gpr5300\gpr5300\gpr5300_cpp\x64\debug\gpr5300_cpp.obj
e:\git\gpr5300\gpr5300\gpr5300_cpp\x64\debug\gpr5300_cpp.ilk
e:\git\gpr5300\gpr5300\gpr5300_cpp\x64\debug\vc143.idb
e:\git\gpr5300\gpr5300\gpr5300_cpp\x64\debug\vc143.pdb
e:\git\gpr5300\gpr5300\x64\debug\gpr5300_cpp.pdb
e:\git\gpr5300\gpr5300\x64\debug\gpr5300_cpp.exe
e:\git\gpr5300\gpr5300\gpr5300_cpp\x64\debug\gpr5300_cpp.tlog\cl.command.1.tlog
e:\git\gpr5300\gpr5300\gpr5300_cpp\x64\debug\gpr5300_cpp.tlog\cl.read.1.tlog
e:\git\gpr5300\gpr5300\gpr5300_cpp\x64\debug\gpr5300_cpp.tlog\cl.write.1.tlog
e:\git\gpr5300\gpr5300\gpr5300_cpp\x64\debug\gpr5300_cpp.tlog\link.command.1.tlog
e:\git\gpr5300\gpr5300\gpr5300_cpp\x64\debug\gpr5300_cpp.tlog\link.read.1.tlog
e:\git\gpr5300\gpr5300\gpr5300_cpp\x64\debug\gpr5300_cpp.tlog\link.write.1.tlog
