d:\git\gpr5300\gpr5300\gpr5300_graphics\x64\debug\vc143.pdb
d:\git\gpr5300\gpr5300\gpr5300_graphics\x64\debug\vc143.idb
d:\git\gpr5300\gpr5300\gpr5300_graphics\x64\debug\window.obj
d:\git\gpr5300\gpr5300\gpr5300_graphics\x64\debug\vector3.obj
d:\git\gpr5300\gpr5300\gpr5300_graphics\x64\debug\scene.obj
d:\git\gpr5300\gpr5300\gpr5300_graphics\x64\debug\mesh.obj
d:\git\gpr5300\gpr5300\gpr5300_graphics\x64\debug\main.obj
d:\git\gpr5300\gpr5300\gpr5300_graphics\x64\debug\iupdateable.obj
d:\git\gpr5300\gpr5300\gpr5300_graphics\x64\debug\d3d.obj
d:\git\gpr5300\gpr5300\gpr5300_graphics\x64\debug\camera.obj
d:\git\gpr5300\gpr5300\gpr5300_graphics\x64\debug\transform.obj
d:\git\gpr5300\gpr5300\x64\debug\gpr5300_graphicsd3d9.exe
d:\git\gpr5300\gpr5300\gpr5300_graphics\x64\debug\gpr5300_graphicsd3d9.ilk
d:\git\gpr5300\gpr5300\x64\debug\gpr5300_graphicsd3d9.pdb
d:\git\gpr5300\gpr5300\gpr5300_graphics\x64\debug\gpr5300_.63ae733d.tlog\cl.command.1.tlog
d:\git\gpr5300\gpr5300\gpr5300_graphics\x64\debug\gpr5300_.63ae733d.tlog\cl.read.1.tlog
d:\git\gpr5300\gpr5300\gpr5300_graphics\x64\debug\gpr5300_.63ae733d.tlog\cl.write.1.tlog
d:\git\gpr5300\gpr5300\gpr5300_graphics\x64\debug\gpr5300_.63ae733d.tlog\link.command.1.tlog
d:\git\gpr5300\gpr5300\gpr5300_graphics\x64\debug\gpr5300_.63ae733d.tlog\link.read.1.tlog
d:\git\gpr5300\gpr5300\gpr5300_graphics\x64\debug\gpr5300_.63ae733d.tlog\link.write.1.tlog
