e:\git\gpr5300\gpr5300\gpr5300_graphicsd11\x64\debug\vc143.pdb
e:\git\gpr5300\gpr5300\gpr5300_graphicsd11\x64\debug\vc143.idb
e:\git\gpr5300\gpr5300\gpr5300_graphicsd11\x64\debug\window.obj
e:\git\gpr5300\gpr5300\gpr5300_graphicsd11\x64\debug\wictextureloader11.obj
e:\git\gpr5300\gpr5300\gpr5300_graphicsd11\x64\debug\time.obj
e:\git\gpr5300\gpr5300\gpr5300_graphicsd11\x64\debug\mesh.obj
e:\git\gpr5300\gpr5300\gpr5300_graphicsd11\x64\debug\material.obj
e:\git\gpr5300\gpr5300\gpr5300_graphicsd11\x64\debug\main.obj
e:\git\gpr5300\gpr5300\gpr5300_graphicsd11\x64\debug\light.obj
e:\git\gpr5300\gpr5300\gpr5300_graphicsd11\x64\debug\d3d.obj
e:\git\gpr5300\gpr5300\gpr5300_graphicsd11\x64\debug\camera.obj
e:\git\gpr5300\gpr5300\gpr5300_graphicsd11\colorpixelshader.cso
e:\git\gpr5300\gpr5300\gpr5300_graphicsd11\colorvertexshader.cso
e:\git\gpr5300\gpr5300\gpr5300_graphicsd11\texturevertexshader.cso
e:\git\gpr5300\gpr5300\x64\debug\gpr5300_graphicsd3d11.exe
e:\git\gpr5300\gpr5300\gpr5300_graphicsd11\x64\debug\gpr5300_graphicsd3d11.ilk
e:\git\gpr5300\gpr5300\x64\debug\gpr5300_graphicsd3d11.pdb
e:\git\gpr5300\gpr5300\gpr5300_graphicsd11\x64\debug\gpr5300_.aba3caaf.tlog\cl.command.1.tlog
e:\git\gpr5300\gpr5300\gpr5300_graphicsd11\x64\debug\gpr5300_.aba3caaf.tlog\cl.read.1.tlog
e:\git\gpr5300\gpr5300\gpr5300_graphicsd11\x64\debug\gpr5300_.aba3caaf.tlog\cl.write.1.tlog
e:\git\gpr5300\gpr5300\gpr5300_graphicsd11\x64\debug\gpr5300_.aba3caaf.tlog\fxc.command.1.tlog
e:\git\gpr5300\gpr5300\gpr5300_graphicsd11\x64\debug\gpr5300_.aba3caaf.tlog\fxc.read.1.tlog
e:\git\gpr5300\gpr5300\gpr5300_graphicsd11\x64\debug\gpr5300_.aba3caaf.tlog\fxc.write.1.tlog
e:\git\gpr5300\gpr5300\gpr5300_graphicsd11\x64\debug\gpr5300_.aba3caaf.tlog\link.command.1.tlog
e:\git\gpr5300\gpr5300\gpr5300_graphicsd11\x64\debug\gpr5300_.aba3caaf.tlog\link.read.1.tlog
e:\git\gpr5300\gpr5300\gpr5300_graphicsd11\x64\debug\gpr5300_.aba3caaf.tlog\link.write.1.tlog
